<?xml version="1.0" encoding="UTF-8"?>
<testsuite xmlns:xsi="http://www.w3.org/2001/XMLSchema-instance" xsi:noNamespaceSchemaLocation="https://maven.apache.org/surefire/maven-surefire-plugin/xsd/surefire-test-report-3.0.xsd" version="3.0" name="ColorTest" time="0.074" tests="5" errors="0" skipped="0" failures="0">
  <properties>
[...]
</properties>
  <testcase name="testInvalidBlue" classname="ColorTest" time="0.037"/>
  <testcase name="testValidColors" classname="ColorTest" time="0.001"/>
  <testcase name="testInvalidAlpha" classname="ColorTest" time="0.001"/>
  <testcase name="testInvalidGreen" classname="ColorTest" time="0.002"/>
  <testcase name="testInvalidRed" classname="ColorTest" time="0.002"/>
</testsuite>